<?xml version="1.0" encoding="UTF-8"?>
<testng-results ignored="0" total="1" passed="1" failed="0" skipped="0">
  <reporter-output>
  </reporter-output>
  <suite started-at="2023-12-27T11:05:25 IST" name="Suite" finished-at="2023-12-27T11:05:43 IST" duration-ms="17183">
    <groups>
    </groups>
    <test started-at="2023-12-27T11:05:25 IST" name="Test" finished-at="2023-12-27T11:05:43 IST" duration-ms="17183">
      <class name="exercise.ExerciseTest">
        <test-method is-config="true" signature="setup()[pri:0, instance:exercise.ExerciseTest@771a660]" started-at="2023-12-27T11:05:25 IST" name="setup" finished-at="2023-12-27T11:05:31 IST" duration-ms="5102" status="PASS">
          <reporter-output>
          </reporter-output>
        </test-method> <!-- setup -->
        <test-method signature="verifyLogin()[pri:0, instance:exercise.ExerciseTest@771a660]" started-at="2023-12-27T11:05:31 IST" name="verifyLogin" finished-at="2023-12-27T11:05:35 IST" duration-ms="4872" status="PASS">
          <reporter-output>
          </reporter-output>
        </test-method> <!-- verifyLogin -->
        <test-method is-config="true" signature="teardown()[pri:0, instance:exercise.ExerciseTest@771a660]" started-at="2023-12-27T11:05:35 IST" name="teardown" finished-at="2023-12-27T11:05:43 IST" duration-ms="7172" status="PASS">
          <reporter-output>
          </reporter-output>
        </test-method> <!-- teardown -->
      </class> <!-- exercise.ExerciseTest -->
    </test> <!-- Test -->
  </suite> <!-- Suite -->
</testng-results>
