<?xml version="1.0" encoding="UTF-8"?>
<testng-results ignored="0" total="1" passed="1" failed="0" skipped="0">
  <reporter-output>
  </reporter-output>
  <suite started-at="2023-12-21T10:59:50 IST" name="Default suite" finished-at="2023-12-21T11:00:33 IST" duration-ms="42125">
    <groups>
      <group name="cucumber">
        <method signature="AbstractTestNGCucumberTests.runScenario(io.cucumber.testng.PickleWrapper, io.cucumber.testng.FeatureWrapper)[pri:0, instance:testRunner.TestRunner@4a7f959b]" name="runScenario" class="io.cucumber.testng.AbstractTestNGCucumberTests"/>
      </group> <!-- cucumber -->
    </groups>
    <test started-at="2023-12-21T10:59:50 IST" name="Default test" finished-at="2023-12-21T11:00:33 IST" duration-ms="42125">
      <class name="testRunner.TestRunner">
        <test-method is-config="true" signature="setUpClass()[pri:0, instance:testRunner.TestRunner@4a7f959b]" started-at="2023-12-21T10:59:50 IST" name="setUpClass" finished-at="2023-12-21T10:59:51 IST" duration-ms="262" status="PASS">
          <reporter-output>
          </reporter-output>
        </test-method> <!-- setUpClass -->
        <test-method signature="runScenario(io.cucumber.testng.PickleWrapper, io.cucumber.testng.FeatureWrapper)[pri:0, instance:testRunner.TestRunner@4a7f959b]" started-at="2023-12-21T10:59:51 IST" name="runScenario" description="Runs Cucumber Scenarios" data-provider="scenarios" finished-at="2023-12-21T11:00:32 IST" duration-ms="41700" status="PASS">
          <params>
            <param index="0">
              <value>
                <![CDATA["Add new Customer"]]>
              </value>
            </param>
            <param index="1">
              <value>
                <![CDATA["Optional[Customers]"]]>
              </value>
            </param>
          </params>
          <reporter-output>
          </reporter-output>
        </test-method> <!-- runScenario -->
        <test-method is-config="true" signature="tearDownClass()[pri:0, instance:testRunner.TestRunner@4a7f959b]" started-at="2023-12-21T11:00:32 IST" name="tearDownClass" finished-at="2023-12-21T11:00:33 IST" duration-ms="134" status="PASS">
          <reporter-output>
          </reporter-output>
        </test-method> <!-- tearDownClass -->
      </class> <!-- testRunner.TestRunner -->
    </test> <!-- Default test -->
  </suite> <!-- Default suite -->
</testng-results>
